Aug 30 12:36:55 test [info] test
Aug 30 13:19:27 test [info] photon\http\Request::__set_state(array(
   'mess' => 
  photon\mongrel2\Message::__set_state(array(
     'sender' => 'e6884ef7-81f8-4f48-b4e9-ab873b99e712',
     'path' => '/',
     'conn_id' => '4',
     'headers' => 
    stdClass::__set_state(array(
       'PATH' => '/',
       'x-forwarded-for' => '127.0.0.1',
       'accept' => '*/*',
       'user-agent' => 'curl/7.19.7 (x86_64-pc-linux-gnu) libcurl/7.19.7 OpenSSL/0.9.8k zlib/1.2.3.3 libidn/1.15',
       'host' => 'localhost:6767',
       'METHOD' => 'GET',
       'VERSION' => 'HTTP/1.1',
       'URI' => '/',
       'PATTERN' => '/',
    )),
     'body' => '',
  )),
   'query' => '',
   'GET' => 
  array (
  ),
   'path' => '/',
   'POST' => 
  array (
  ),
   'FILES' => 
  array (
  ),
   'COOKIE' => 
  array (
  ),
   'method' => 'GET',
   'BODY' => NULL,
   'uuid' => 'f9bb51bc-fb3e-4e8f-b392-199891af9799',
   'headers' => 
  stdClass::__set_state(array(
     'PATH' => '/',
     'x-forwarded-for' => '127.0.0.1',
     'accept' => '*/*',
     'user-agent' => 'curl/7.19.7 (x86_64-pc-linux-gnu) libcurl/7.19.7 OpenSSL/0.9.8k zlib/1.2.3.3 libidn/1.15',
     'host' => 'localhost:6767',
     'METHOD' => 'GET',
     'VERSION' => 'HTTP/1.1',
     'URI' => '/',
     'PATTERN' => '/',
  )),
   'sender' => 'e6884ef7-81f8-4f48-b4e9-ab873b99e712',
   'client' => '4',
   'conn' => 
  photon\mongrel2\Connection::__set_state(array(
     'sender_id' => '26f97e5e-2ce7-4381-9649-f61673892d2e',
     'sub_addr' => 'tcp://127.0.0.1:9997',
     'pub_addr' => 'tcp://127.0.0.1:9996',
     'reqs' => 
    ZMQSocket::__set_state(array(
    )),
     'resp' => 
    ZMQSocket::__set_state(array(
    )),
     'ctx' => 
    ZMQContext::__set_state(array(
    )),
  )),
))
Aug 30 13:19:42 test [info] photon\http\Request::__set_state(array(
   'mess' => 
  photon\mongrel2\Message::__set_state(array(
     'sender' => 'e6884ef7-81f8-4f48-b4e9-ab873b99e712',
     'path' => '/',
     'conn_id' => '5',
     'headers' => 
    stdClass::__set_state(array(
       'PATH' => '/',
       'x-forwarded-for' => '127.0.0.1',
       'accept' => '*/*',
       'user-agent' => 'curl/7.19.7 (x86_64-pc-linux-gnu) libcurl/7.19.7 OpenSSL/0.9.8k zlib/1.2.3.3 libidn/1.15',
       'host' => 'localhost:6767',
       'METHOD' => 'GET',
       'VERSION' => 'HTTP/1.1',
       'URI' => '/',
       'PATTERN' => '/',
    )),
     'body' => '',
  )),
   'query' => '',
   'GET' => 
  array (
  ),
   'path' => '/',
   'POST' => 
  array (
  ),
   'FILES' => 
  array (
  ),
   'COOKIE' => 
  array (
  ),
   'method' => 'GET',
   'BODY' => NULL,
   'uuid' => '57b287e1-ed1e-4cdf-be1e-524e0132a1aa',
   'headers' => 
  stdClass::__set_state(array(
     'PATH' => '/',
     'x-forwarded-for' => '127.0.0.1',
     'accept' => '*/*',
     'user-agent' => 'curl/7.19.7 (x86_64-pc-linux-gnu) libcurl/7.19.7 OpenSSL/0.9.8k zlib/1.2.3.3 libidn/1.15',
     'host' => 'localhost:6767',
     'METHOD' => 'GET',
     'VERSION' => 'HTTP/1.1',
     'URI' => '/',
     'PATTERN' => '/',
  )),
   'sender' => 'e6884ef7-81f8-4f48-b4e9-ab873b99e712',
   'client' => '5',
   'conn' => 
  photon\mongrel2\Connection::__set_state(array(
     'sender_id' => '26f97e5e-2ce7-4381-9649-f61673892d2e',
     'sub_addr' => 'tcp://127.0.0.1:9997',
     'pub_addr' => 'tcp://127.0.0.1:9996',
     'reqs' => 
    ZMQSocket::__set_state(array(
    )),
     'resp' => 
    ZMQSocket::__set_state(array(
    )),
     'ctx' => 
    ZMQContext::__set_state(array(
    )),
  )),
))
Aug 30 13:19:43 test [info] photon\http\Request::__set_state(array(
   'mess' => 
  photon\mongrel2\Message::__set_state(array(
     'sender' => 'e6884ef7-81f8-4f48-b4e9-ab873b99e712',
     'path' => '/',
     'conn_id' => '6',
     'headers' => 
    stdClass::__set_state(array(
       'PATH' => '/',
       'x-forwarded-for' => '127.0.0.1',
       'accept' => '*/*',
       'user-agent' => 'curl/7.19.7 (x86_64-pc-linux-gnu) libcurl/7.19.7 OpenSSL/0.9.8k zlib/1.2.3.3 libidn/1.15',
       'host' => 'localhost:6767',
       'METHOD' => 'GET',
       'VERSION' => 'HTTP/1.1',
       'URI' => '/',
       'PATTERN' => '/',
    )),
     'body' => '',
  )),
   'query' => '',
   'GET' => 
  array (
  ),
   'path' => '/',
   'POST' => 
  array (
  ),
   'FILES' => 
  array (
  ),
   'COOKIE' => 
  array (
  ),
   'method' => 'GET',
   'BODY' => NULL,
   'uuid' => 'd9cf6ef0-6e12-4f2e-b057-c7768837944a',
   'headers' => 
  stdClass::__set_state(array(
     'PATH' => '/',
     'x-forwarded-for' => '127.0.0.1',
     'accept' => '*/*',
     'user-agent' => 'curl/7.19.7 (x86_64-pc-linux-gnu) libcurl/7.19.7 OpenSSL/0.9.8k zlib/1.2.3.3 libidn/1.15',
     'host' => 'localhost:6767',
     'METHOD' => 'GET',
     'VERSION' => 'HTTP/1.1',
     'URI' => '/',
     'PATTERN' => '/',
  )),
   'sender' => 'e6884ef7-81f8-4f48-b4e9-ab873b99e712',
   'client' => '6',
   'conn' => 
  photon\mongrel2\Connection::__set_state(array(
     'sender_id' => '26f97e5e-2ce7-4381-9649-f61673892d2e',
     'sub_addr' => 'tcp://127.0.0.1:9997',
     'pub_addr' => 'tcp://127.0.0.1:9996',
     'reqs' => 
    ZMQSocket::__set_state(array(
    )),
     'resp' => 
    ZMQSocket::__set_state(array(
    )),
     'ctx' => 
    ZMQContext::__set_state(array(
    )),
  )),
))
Aug 30 13:19:43 test [info] photon\http\Request::__set_state(array(
   'mess' => 
  photon\mongrel2\Message::__set_state(array(
     'sender' => 'e6884ef7-81f8-4f48-b4e9-ab873b99e712',
     'path' => '/',
     'conn_id' => '7',
     'headers' => 
    stdClass::__set_state(array(
       'PATH' => '/',
       'x-forwarded-for' => '127.0.0.1',
       'accept' => '*/*',
       'user-agent' => 'curl/7.19.7 (x86_64-pc-linux-gnu) libcurl/7.19.7 OpenSSL/0.9.8k zlib/1.2.3.3 libidn/1.15',
       'host' => 'localhost:6767',
       'METHOD' => 'GET',
       'VERSION' => 'HTTP/1.1',
       'URI' => '/',
       'PATTERN' => '/',
    )),
     'body' => '',
  )),
   'query' => '',
   'GET' => 
  array (
  ),
   'path' => '/',
   'POST' => 
  array (
  ),
   'FILES' => 
  array (
  ),
   'COOKIE' => 
  array (
  ),
   'method' => 'GET',
   'BODY' => NULL,
   'uuid' => '22784679-4c1f-4b75-bb8e-24640a80f289',
   'headers' => 
  stdClass::__set_state(array(
     'PATH' => '/',
     'x-forwarded-for' => '127.0.0.1',
     'accept' => '*/*',
     'user-agent' => 'curl/7.19.7 (x86_64-pc-linux-gnu) libcurl/7.19.7 OpenSSL/0.9.8k zlib/1.2.3.3 libidn/1.15',
     'host' => 'localhost:6767',
     'METHOD' => 'GET',
     'VERSION' => 'HTTP/1.1',
     'URI' => '/',
     'PATTERN' => '/',
  )),
   'sender' => 'e6884ef7-81f8-4f48-b4e9-ab873b99e712',
   'client' => '7',
   'conn' => 
  photon\mongrel2\Connection::__set_state(array(
     'sender_id' => '26f97e5e-2ce7-4381-9649-f61673892d2e',
     'sub_addr' => 'tcp://127.0.0.1:9997',
     'pub_addr' => 'tcp://127.0.0.1:9996',
     'reqs' => 
    ZMQSocket::__set_state(array(
    )),
     'resp' => 
    ZMQSocket::__set_state(array(
    )),
     'ctx' => 
    ZMQContext::__set_state(array(
    )),
  )),
))
Aug 30 13:19:44 test [info] photon\http\Request::__set_state(array(
   'mess' => 
  photon\mongrel2\Message::__set_state(array(
     'sender' => 'e6884ef7-81f8-4f48-b4e9-ab873b99e712',
     'path' => '/',
     'conn_id' => '8',
     'headers' => 
    stdClass::__set_state(array(
       'PATH' => '/',
       'x-forwarded-for' => '127.0.0.1',
       'accept' => '*/*',
       'user-agent' => 'curl/7.19.7 (x86_64-pc-linux-gnu) libcurl/7.19.7 OpenSSL/0.9.8k zlib/1.2.3.3 libidn/1.15',
       'host' => 'localhost:6767',
       'METHOD' => 'GET',
       'VERSION' => 'HTTP/1.1',
       'URI' => '/',
       'PATTERN' => '/',
    )),
     'body' => '',
  )),
   'query' => '',
   'GET' => 
  array (
  ),
   'path' => '/',
   'POST' => 
  array (
  ),
   'FILES' => 
  array (
  ),
   'COOKIE' => 
  array (
  ),
   'method' => 'GET',
   'BODY' => NULL,
   'uuid' => 'b5bd6937-fc51-4a91-b646-34c47ee3ab63',
   'headers' => 
  stdClass::__set_state(array(
     'PATH' => '/',
     'x-forwarded-for' => '127.0.0.1',
     'accept' => '*/*',
     'user-agent' => 'curl/7.19.7 (x86_64-pc-linux-gnu) libcurl/7.19.7 OpenSSL/0.9.8k zlib/1.2.3.3 libidn/1.15',
     'host' => 'localhost:6767',
     'METHOD' => 'GET',
     'VERSION' => 'HTTP/1.1',
     'URI' => '/',
     'PATTERN' => '/',
  )),
   'sender' => 'e6884ef7-81f8-4f48-b4e9-ab873b99e712',
   'client' => '8',
   'conn' => 
  photon\mongrel2\Connection::__set_state(array(
     'sender_id' => '26f97e5e-2ce7-4381-9649-f61673892d2e',
     'sub_addr' => 'tcp://127.0.0.1:9997',
     'pub_addr' => 'tcp://127.0.0.1:9996',
     'reqs' => 
    ZMQSocket::__set_state(array(
    )),
     'resp' => 
    ZMQSocket::__set_state(array(
    )),
     'ctx' => 
    ZMQContext::__set_state(array(
    )),
  )),
))
Aug 30 13:19:44 test [info] photon\http\Request::__set_state(array(
   'mess' => 
  photon\mongrel2\Message::__set_state(array(
     'sender' => 'e6884ef7-81f8-4f48-b4e9-ab873b99e712',
     'path' => '/',
     'conn_id' => '9',
     'headers' => 
    stdClass::__set_state(array(
       'PATH' => '/',
       'x-forwarded-for' => '127.0.0.1',
       'accept' => '*/*',
       'user-agent' => 'curl/7.19.7 (x86_64-pc-linux-gnu) libcurl/7.19.7 OpenSSL/0.9.8k zlib/1.2.3.3 libidn/1.15',
       'host' => 'localhost:6767',
       'METHOD' => 'GET',
       'VERSION' => 'HTTP/1.1',
       'URI' => '/',
       'PATTERN' => '/',
    )),
     'body' => '',
  )),
   'query' => '',
   'GET' => 
  array (
  ),
   'path' => '/',
   'POST' => 
  array (
  ),
   'FILES' => 
  array (
  ),
   'COOKIE' => 
  array (
  ),
   'method' => 'GET',
   'BODY' => NULL,
   'uuid' => '7c1836e4-dd5a-4007-b5c2-f7b0049443eb',
   'headers' => 
  stdClass::__set_state(array(
     'PATH' => '/',
     'x-forwarded-for' => '127.0.0.1',
     'accept' => '*/*',
     'user-agent' => 'curl/7.19.7 (x86_64-pc-linux-gnu) libcurl/7.19.7 OpenSSL/0.9.8k zlib/1.2.3.3 libidn/1.15',
     'host' => 'localhost:6767',
     'METHOD' => 'GET',
     'VERSION' => 'HTTP/1.1',
     'URI' => '/',
     'PATTERN' => '/',
  )),
   'sender' => 'e6884ef7-81f8-4f48-b4e9-ab873b99e712',
   'client' => '9',
   'conn' => 
  photon\mongrel2\Connection::__set_state(array(
     'sender_id' => '26f97e5e-2ce7-4381-9649-f61673892d2e',
     'sub_addr' => 'tcp://127.0.0.1:9997',
     'pub_addr' => 'tcp://127.0.0.1:9996',
     'reqs' => 
    ZMQSocket::__set_state(array(
    )),
     'resp' => 
    ZMQSocket::__set_state(array(
    )),
     'ctx' => 
    ZMQContext::__set_state(array(
    )),
  )),
))
Aug 30 13:19:45 test [info] photon\http\Request::__set_state(array(
   'mess' => 
  photon\mongrel2\Message::__set_state(array(
     'sender' => 'e6884ef7-81f8-4f48-b4e9-ab873b99e712',
     'path' => '/',
     'conn_id' => '10',
     'headers' => 
    stdClass::__set_state(array(
       'PATH' => '/',
       'x-forwarded-for' => '127.0.0.1',
       'accept' => '*/*',
       'user-agent' => 'curl/7.19.7 (x86_64-pc-linux-gnu) libcurl/7.19.7 OpenSSL/0.9.8k zlib/1.2.3.3 libidn/1.15',
       'host' => 'localhost:6767',
       'METHOD' => 'GET',
       'VERSION' => 'HTTP/1.1',
       'URI' => '/',
       'PATTERN' => '/',
    )),
     'body' => '',
  )),
   'query' => '',
   'GET' => 
  array (
  ),
   'path' => '/',
   'POST' => 
  array (
  ),
   'FILES' => 
  array (
  ),
   'COOKIE' => 
  array (
  ),
   'method' => 'GET',
   'BODY' => NULL,
   'uuid' => '61388787-e0d8-44ae-bf97-d27a9f1eb563',
   'headers' => 
  stdClass::__set_state(array(
     'PATH' => '/',
     'x-forwarded-for' => '127.0.0.1',
     'accept' => '*/*',
     'user-agent' => 'curl/7.19.7 (x86_64-pc-linux-gnu) libcurl/7.19.7 OpenSSL/0.9.8k zlib/1.2.3.3 libidn/1.15',
     'host' => 'localhost:6767',
     'METHOD' => 'GET',
     'VERSION' => 'HTTP/1.1',
     'URI' => '/',
     'PATTERN' => '/',
  )),
   'sender' => 'e6884ef7-81f8-4f48-b4e9-ab873b99e712',
   'client' => '10',
   'conn' => 
  photon\mongrel2\Connection::__set_state(array(
     'sender_id' => '26f97e5e-2ce7-4381-9649-f61673892d2e',
     'sub_addr' => 'tcp://127.0.0.1:9997',
     'pub_addr' => 'tcp://127.0.0.1:9996',
     'reqs' => 
    ZMQSocket::__set_state(array(
    )),
     'resp' => 
    ZMQSocket::__set_state(array(
    )),
     'ctx' => 
    ZMQContext::__set_state(array(
    )),
  )),
))
Aug 30 13:19:45 test [info] photon\http\Request::__set_state(array(
   'mess' => 
  photon\mongrel2\Message::__set_state(array(
     'sender' => 'e6884ef7-81f8-4f48-b4e9-ab873b99e712',
     'path' => '/',
     'conn_id' => '11',
     'headers' => 
    stdClass::__set_state(array(
       'PATH' => '/',
       'x-forwarded-for' => '127.0.0.1',
       'accept' => '*/*',
       'user-agent' => 'curl/7.19.7 (x86_64-pc-linux-gnu) libcurl/7.19.7 OpenSSL/0.9.8k zlib/1.2.3.3 libidn/1.15',
       'host' => 'localhost:6767',
       'METHOD' => 'GET',
       'VERSION' => 'HTTP/1.1',
       'URI' => '/',
       'PATTERN' => '/',
    )),
     'body' => '',
  )),
   'query' => '',
   'GET' => 
  array (
  ),
   'path' => '/',
   'POST' => 
  array (
  ),
   'FILES' => 
  array (
  ),
   'COOKIE' => 
  array (
  ),
   'method' => 'GET',
   'BODY' => NULL,
   'uuid' => '1095c1f8-ad2e-4fa4-b167-e8198a72f835',
   'headers' => 
  stdClass::__set_state(array(
     'PATH' => '/',
     'x-forwarded-for' => '127.0.0.1',
     'accept' => '*/*',
     'user-agent' => 'curl/7.19.7 (x86_64-pc-linux-gnu) libcurl/7.19.7 OpenSSL/0.9.8k zlib/1.2.3.3 libidn/1.15',
     'host' => 'localhost:6767',
     'METHOD' => 'GET',
     'VERSION' => 'HTTP/1.1',
     'URI' => '/',
     'PATTERN' => '/',
  )),
   'sender' => 'e6884ef7-81f8-4f48-b4e9-ab873b99e712',
   'client' => '11',
   'conn' => 
  photon\mongrel2\Connection::__set_state(array(
     'sender_id' => '26f97e5e-2ce7-4381-9649-f61673892d2e',
     'sub_addr' => 'tcp://127.0.0.1:9997',
     'pub_addr' => 'tcp://127.0.0.1:9996',
     'reqs' => 
    ZMQSocket::__set_state(array(
    )),
     'resp' => 
    ZMQSocket::__set_state(array(
    )),
     'ctx' => 
    ZMQContext::__set_state(array(
    )),
  )),
))
Aug 30 13:19:46 test [info] photon\http\Request::__set_state(array(
   'mess' => 
  photon\mongrel2\Message::__set_state(array(
     'sender' => 'e6884ef7-81f8-4f48-b4e9-ab873b99e712',
     'path' => '/',
     'conn_id' => '12',
     'headers' => 
    stdClass::__set_state(array(
       'PATH' => '/',
       'x-forwarded-for' => '127.0.0.1',
       'accept' => '*/*',
       'user-agent' => 'curl/7.19.7 (x86_64-pc-linux-gnu) libcurl/7.19.7 OpenSSL/0.9.8k zlib/1.2.3.3 libidn/1.15',
       'host' => 'localhost:6767',
       'METHOD' => 'GET',
       'VERSION' => 'HTTP/1.1',
       'URI' => '/',
       'PATTERN' => '/',
    )),
     'body' => '',
  )),
   'query' => '',
   'GET' => 
  array (
  ),
   'path' => '/',
   'POST' => 
  array (
  ),
   'FILES' => 
  array (
  ),
   'COOKIE' => 
  array (
  ),
   'method' => 'GET',
   'BODY' => NULL,
   'uuid' => '10586fcb-9c3a-4eba-b3ec-a1c393334eb2',
   'headers' => 
  stdClass::__set_state(array(
     'PATH' => '/',
     'x-forwarded-for' => '127.0.0.1',
     'accept' => '*/*',
     'user-agent' => 'curl/7.19.7 (x86_64-pc-linux-gnu) libcurl/7.19.7 OpenSSL/0.9.8k zlib/1.2.3.3 libidn/1.15',
     'host' => 'localhost:6767',
     'METHOD' => 'GET',
     'VERSION' => 'HTTP/1.1',
     'URI' => '/',
     'PATTERN' => '/',
  )),
   'sender' => 'e6884ef7-81f8-4f48-b4e9-ab873b99e712',
   'client' => '12',
   'conn' => 
  photon\mongrel2\Connection::__set_state(array(
     'sender_id' => '26f97e5e-2ce7-4381-9649-f61673892d2e',
     'sub_addr' => 'tcp://127.0.0.1:9997',
     'pub_addr' => 'tcp://127.0.0.1:9996',
     'reqs' => 
    ZMQSocket::__set_state(array(
    )),
     'resp' => 
    ZMQSocket::__set_state(array(
    )),
     'ctx' => 
    ZMQContext::__set_state(array(
    )),
  )),
))
Aug 30 13:19:46 test [info] photon\http\Request::__set_state(array(
   'mess' => 
  photon\mongrel2\Message::__set_state(array(
     'sender' => 'e6884ef7-81f8-4f48-b4e9-ab873b99e712',
     'path' => '/',
     'conn_id' => '13',
     'headers' => 
    stdClass::__set_state(array(
       'PATH' => '/',
       'x-forwarded-for' => '127.0.0.1',
       'accept' => '*/*',
       'user-agent' => 'curl/7.19.7 (x86_64-pc-linux-gnu) libcurl/7.19.7 OpenSSL/0.9.8k zlib/1.2.3.3 libidn/1.15',
       'host' => 'localhost:6767',
       'METHOD' => 'GET',
       'VERSION' => 'HTTP/1.1',
       'URI' => '/',
       'PATTERN' => '/',
    )),
     'body' => '',
  )),
   'query' => '',
   'GET' => 
  array (
  ),
   'path' => '/',
   'POST' => 
  array (
  ),
   'FILES' => 
  array (
  ),
   'COOKIE' => 
  array (
  ),
   'method' => 'GET',
   'BODY' => NULL,
   'uuid' => 'da3372c8-5890-425d-b5b0-e0f1af5cf1d4',
   'headers' => 
  stdClass::__set_state(array(
     'PATH' => '/',
     'x-forwarded-for' => '127.0.0.1',
     'accept' => '*/*',
     'user-agent' => 'curl/7.19.7 (x86_64-pc-linux-gnu) libcurl/7.19.7 OpenSSL/0.9.8k zlib/1.2.3.3 libidn/1.15',
     'host' => 'localhost:6767',
     'METHOD' => 'GET',
     'VERSION' => 'HTTP/1.1',
     'URI' => '/',
     'PATTERN' => '/',
  )),
   'sender' => 'e6884ef7-81f8-4f48-b4e9-ab873b99e712',
   'client' => '13',
   'conn' => 
  photon\mongrel2\Connection::__set_state(array(
     'sender_id' => '26f97e5e-2ce7-4381-9649-f61673892d2e',
     'sub_addr' => 'tcp://127.0.0.1:9997',
     'pub_addr' => 'tcp://127.0.0.1:9996',
     'reqs' => 
    ZMQSocket::__set_state(array(
    )),
     'resp' => 
    ZMQSocket::__set_state(array(
    )),
     'ctx' => 
    ZMQContext::__set_state(array(
    )),
  )),
))
